# JRE version: Java(TM) SE Runtime Environment (10.0.2+13) (build 10.0.2+13)
# Java VM: Java HotSpot(TM) 64-Bit Server VM (10.0.2+13, mixed mode, tiered, compressed oops, g1 gc, windows-amd64)
Heap:
 garbage-first heap   total 189440K, used 62415K [0x0000000081400000, 0x0000000100000000)
  region size 1024K, 3 young (3072K), 1 survivors (1024K)
 Metaspace       used 14565K, capacity 14905K, committed 15232K, reserved 1062912K
  class space    used 1412K, capacity 1597K, committed 1664K, reserved 1048576K
GC Heap History (10 events):
Event: 10.729 GC heap before
{Heap before GC invocations=157 (full 0):
 garbage-first heap   total 189440K, used 82892K [0x0000000081400000, 0x0000000100000000)
  region size 1024K, 3 young (3072K), 1 survivors (1024K)
 Metaspace       used 14557K, capacity 14905K, committed 15232K, reserved 1062912K
  class space    used 1412K, capacity 1597K, committed 1664K, reserved 1048576K
}
Event: 10.730 GC heap after
{Heap after GC invocations=158 (full 0):
 garbage-first heap   total 189440K, used 81871K [0x0000000081400000, 0x0000000100000000)
  region size 1024K, 1 young (1024K), 1 survivors (1024K)
 Metaspace       used 14557K, capacity 14905K, committed 15232K, reserved 1062912K
  class space    used 1412K, capacity 1597K, committed 1664K, reserved 1048576K
}
Event: 10.833 GC heap before
{Heap before GC invocations=159 (full 0):
 garbage-first heap   total 189440K, used 82895K [0x0000000081400000, 0x0000000100000000)
  region size 1024K, 3 young (3072K), 1 survivors (1024K)
 Metaspace       used 14557K, capacity 14905K, committed 15232K, reserved 1062912K
  class space    used 1412K, capacity 1597K, committed 1664K, reserved 1048576K
}
Event: 10.834 GC heap after
{Heap after GC invocations=160 (full 0):
 garbage-first heap   total 189440K, used 81871K [0x0000000081400000, 0x0000000100000000)
  region size 1024K, 1 young (1024K), 1 survivors (1024K)
 Metaspace       used 14557K, capacity 14905K, committed 15232K, reserved 1062912K
  class space    used 1412K, capacity 1597K, committed 1664K, reserved 1048576K
}
Event: 10.938 GC heap before
{Heap before GC invocations=161 (full 0):
 garbage-first heap   total 189440K, used 82895K [0x0000000081400000, 0x0000000100000000)
  region size 1024K, 3 young (3072K), 1 survivors (1024K)
 Metaspace       used 14560K, capacity 14905K, committed 15232K, reserved 1062912K
  class space    used 1412K, capacity 1597K, committed 1664K, reserved 1048576K
}
Event: 10.939 GC heap after
{Heap after GC invocations=162 (full 0):
 garbage-first heap   total 189440K, used 81873K [0x0000000081400000, 0x0000000100000000)
  region size 1024K, 1 young (1024K), 1 survivors (1024K)
 Metaspace       used 14560K, capacity 14905K, committed 15232K, reserved 1062912K
  class space    used 1412K, capacity 1597K, committed 1664K, reserved 1048576K
}
Event: 11.038 GC heap before
{Heap before GC invocations=163 (full 0):
 garbage-first heap   total 189440K, used 82897K [0x0000000081400000, 0x0000000100000000)
  region size 1024K, 3 young (3072K), 1 survivors (1024K)
 Metaspace       used 14562K, capacity 14905K, committed 15232K, reserved 1062912K
  class space    used 1412K, capacity 1597K, committed 1664K, reserved 1048576K
}
Event: 11.039 GC heap after
{Heap after GC invocations=164 (full 0):
 garbage-first heap   total 189440K, used 81871K [0x0000000081400000, 0x0000000100000000)
  region size 1024K, 1 young (1024K), 1 survivors (1024K)
 Metaspace       used 14562K, capacity 14905K, committed 15232K, reserved 1062912K
  class space    used 1412K, capacity 1597K, committed 1664K, reserved 1048576K
}
Event: 11.126 GC heap before
{Heap before GC invocations=165 (full 0):
 garbage-first heap   total 189440K, used 82895K [0x0000000081400000, 0x0000000100000000)
  region size 1024K, 3 young (3072K), 1 survivors (1024K)
 Metaspace       used 14562K, capacity 14905K, committed 15232K, reserved 1062912K
  class space    used 1412K, capacity 1597K, committed 1664K, reserved 1048576K
}
Event: 11.127 GC heap after
{Heap after GC invocations=166 (full 0):
 garbage-first heap   total 189440K, used 81873K [0x0000000081400000, 0x0000000100000000)
  region size 1024K, 1 young (1024K), 1 survivors (1024K)
 Metaspace       used 14562K, capacity 14905K, committed 15232K, reserved 1062912K
  class space    used 1412K, capacity 1597K, committed 1664K, reserved 1048576K
}

