# JRE version: Java(TM) SE Runtime Environment (10.0.2+13) (build 10.0.2+13)
# Java VM: Java HotSpot(TM) 64-Bit Server VM (10.0.2+13, mixed mode, tiered, compressed oops, g1 gc, windows-amd64)
Heap:
 garbage-first heap   total 238592K, used 104946K [0x0000000081400000, 0x0000000100000000)
  region size 1024K, 4 young (4096K), 1 survivors (1024K)
 Metaspace       used 14593K, capacity 14969K, committed 15232K, reserved 1062912K
  class space    used 1412K, capacity 1597K, committed 1664K, reserved 1048576K
GC Heap History (10 events):
Event: 10.631 GC heap before
{Heap before GC invocations=134 (full 0):
 garbage-first heap   total 238592K, used 104944K [0x0000000081400000, 0x0000000100000000)
  region size 1024K, 4 young (4096K), 1 survivors (1024K)
 Metaspace       used 14592K, capacity 14969K, committed 15232K, reserved 1062912K
  class space    used 1412K, capacity 1597K, committed 1664K, reserved 1048576K
}
Event: 10.633 GC heap after
{Heap after GC invocations=135 (full 0):
 garbage-first heap   total 238592K, used 102898K [0x0000000081400000, 0x0000000100000000)
  region size 1024K, 1 young (1024K), 1 survivors (1024K)
 Metaspace       used 14592K, capacity 14969K, committed 15232K, reserved 1062912K
  class space    used 1412K, capacity 1597K, committed 1664K, reserved 1048576K
}
Event: 10.759 GC heap before
{Heap before GC invocations=136 (full 0):
 garbage-first heap   total 238592K, used 104946K [0x0000000081400000, 0x0000000100000000)
  region size 1024K, 4 young (4096K), 1 survivors (1024K)
 Metaspace       used 14592K, capacity 14969K, committed 15232K, reserved 1062912K
  class space    used 1412K, capacity 1597K, committed 1664K, reserved 1048576K
}
Event: 10.760 GC heap after
{Heap after GC invocations=137 (full 0):
 garbage-first heap   total 238592K, used 102898K [0x0000000081400000, 0x0000000100000000)
  region size 1024K, 1 young (1024K), 1 survivors (1024K)
 Metaspace       used 14592K, capacity 14969K, committed 15232K, reserved 1062912K
  class space    used 1412K, capacity 1597K, committed 1664K, reserved 1048576K
}
Event: 10.761 GC heap before
{Heap before GC invocations=137 (full 0):
 garbage-first heap   total 238592K, used 106994K [0x0000000081400000, 0x0000000100000000)
  region size 1024K, 1 young (1024K), 1 survivors (1024K)
 Metaspace       used 14592K, capacity 14969K, committed 15232K, reserved 1062912K
  class space    used 1412K, capacity 1597K, committed 1664K, reserved 1048576K
}
Event: 10.762 GC heap after
{Heap after GC invocations=138 (full 0):
 garbage-first heap   total 238592K, used 20972K [0x0000000081400000, 0x0000000100000000)
  region size 1024K, 1 young (1024K), 1 survivors (1024K)
 Metaspace       used 14592K, capacity 14969K, committed 15232K, reserved 1062912K
  class space    used 1412K, capacity 1597K, committed 1664K, reserved 1048576K
}
Event: 10.905 GC heap before
{Heap before GC invocations=139 (full 0):
 garbage-first heap   total 238592K, used 104940K [0x0000000081400000, 0x0000000100000000)
  region size 1024K, 4 young (4096K), 1 survivors (1024K)
 Metaspace       used 14592K, capacity 14969K, committed 15232K, reserved 1062912K
  class space    used 1412K, capacity 1597K, committed 1664K, reserved 1048576K
}
Event: 10.906 GC heap after
{Heap after GC invocations=140 (full 0):
 garbage-first heap   total 238592K, used 102894K [0x0000000081400000, 0x0000000100000000)
  region size 1024K, 1 young (1024K), 1 survivors (1024K)
 Metaspace       used 14592K, capacity 14969K, committed 15232K, reserved 1062912K
  class space    used 1412K, capacity 1597K, committed 1664K, reserved 1048576K
}
Event: 11.050 GC heap before
{Heap before GC invocations=141 (full 0):
 garbage-first heap   total 238592K, used 104942K [0x0000000081400000, 0x0000000100000000)
  region size 1024K, 4 young (4096K), 1 survivors (1024K)
 Metaspace       used 14592K, capacity 14969K, committed 15232K, reserved 1062912K
  class space    used 1412K, capacity 1597K, committed 1664K, reserved 1048576K
}
Event: 11.051 GC heap after
{Heap after GC invocations=142 (full 0):
 garbage-first heap   total 238592K, used 102898K [0x0000000081400000, 0x0000000100000000)
  region size 1024K, 1 young (1024K), 1 survivors (1024K)
 Metaspace       used 14592K, capacity 14969K, committed 15232K, reserved 1062912K
  class space    used 1412K, capacity 1597K, committed 1664K, reserved 1048576K
}

